Arguments: 
  F:\softwares\node\node.exe F:\softwares\yarn\bin\yarn.js add socketnpm install socket.io --save

PATH: 
  C:\Program Files\NVIDIA GPU Computing Toolkit\CUDA\v8.0\bin;C:\Program Files\NVIDIA GPU Computing Toolkit\CUDA\v8.0\libnvvp;C:\Windows\system32;C:\Windows;C:\Windows\System32\Wbem;C:\Windows\System32\WindowsPowerShell\v1.0\;C:\Program Files\Microsoft SQL Server\130\Tools\Binn\;F:\softwares\node\;F:\softwares\Git\cmd;F:\softwares\Git\mingw64\bin;F:\softwares\Git\usr\bin;C:\WINDOWS\system32;C:\WINDOWS;C:\WINDOWS\System32\Wbem;C:\WINDOWS\System32\WindowsPowerShell\v1.0\;F:\download\ffmpeg-20171218-74f408c-win64-static\bin;F:\softwares\node\node_modules;F:\softwares\opencv\opencv\build\bin;F:\softwares\opencv\opencv\build\x64\vc15\bin;F:\softwares\opencv\opencv\build\x64\vc14\bin;C:\Program Files (x86)\GtkSharp\2.12\bin;C:\WINDOWS\System32\OpenSSH\;F:\softwares\yarn\bin\;F:\softwares\Microsoft VS Code\bin;F:\deeplearn\anaconda3;F:\deeplearn\anaconda3\Library\mingw-w64\bin;F:\deeplearn\anaconda3\Library\usr\bin;F:\deeplearn\anaconda3\Library\bin;F:\deeplearn\anaconda3\Scripts;C:\Users\bubbly\AppData\Local\Microsoft\WindowsApps;F:\download\cudnn-8.0-windows10-x64-v6.0.zip\cuda\bin;F:\download\cudnn-8.0-windows10-x64-v6.0.zip\cuda\lib\x64;F:\softwares\Microsoft VS Code\bin;C:\Users\bubbly\AppData\Roaming\npm;F:\download\ffmpeg-20171218-74f408c-win64-static\bin;F:\softwares\mysql-5.7.21-winx64\bin;C:\Users\bubbly\AppData\Local\Yarn\bin

Yarn version: 
  1.7.0

Node version: 
  8.9.0

Platform: 
  win32 x64

Trace: 
  Error: https://registry.yarnpkg.com/socketnpm: Not found
      at Request.params.callback [as _callback] (F:\softwares\yarn\lib\cli.js:65656:18)
      at Request.self.callback (F:\softwares\yarn\lib\cli.js:134675:22)
      at emitTwo (events.js:126:13)
      at Request.emit (events.js:214:7)
      at Request.<anonymous> (F:\softwares\yarn\lib\cli.js:135658:10)
      at emitOne (events.js:116:13)
      at Request.emit (events.js:211:7)
      at IncomingMessage.<anonymous> (F:\softwares\yarn\lib\cli.js:135578:12)
      at Object.onceWrapper (events.js:313:30)
      at emitNone (events.js:111:20)

npm manifest: 
  {
    "name": "ws-server",
    "version": "1.0.0",
    "description": "",
    "main": "index.js",
    "scripts": {
      "test": "echo \"Error: no test specified\" && exit 1"
    },
    "repository": {
      "type": "git",
      "url": "git+ssh://git@github.com/BubblyFace/ws-server.git"
    },
    "keywords": [
      "lunzi"
    ],
    "author": "bubbly",
    "license": "ISC",
    "bugs": {
      "url": "https://github.com/BubblyFace/ws-server/issues"
    },
    "homepage": "https://github.com/BubblyFace/ws-server#readme"
  }

yarn manifest: 
  No manifest

Lockfile: 
  No lockfile
